<?xml version="1.0" encoding="utf-8"?><testsuites><testsuite name="pytest" errors="0" failures="0" skipped="0" tests="94" time="5.295" timestamp="2024-02-03T22:15:46.827422" hostname="Nikolaos Papage"><testcase classname="CustomerRole.test_customer_role" name="test_customer_can_login" time="1.233" /><testcase classname="CustomerRole.test_customer_role" name="test_customer_cannot_list_required_capabilities" time="0.037" /><testcase classname="CustomerRole.test_customer_role" name="test_customer_can_list_povs" time="0.104" /><testcase classname="CustomerRole.test_customer_role" name="test_customer_can_list_povs_generic" time="0.061" /><testcase classname="CustomerRole.test_customer_role" name="test_customer_list_povs_equals_to_1" time="0.072" /><testcase classname="CustomerRole.test_customer_role" name="test_customer_can_list_povs_equals_to_1_generic" time="0.035" /><testcase classname="CustomerRole.test_customer_role" name="test_customer_can_detail_assigned_pov" time="0.064" /><testcase classname="CustomerRole.test_customer_role" name="test_customer_cannot_detail_non_assigned_pov" time="0.044" /><testcase classname="CustomerRole.test_customer_role" name="test_customer_can_see_team_for_assigned_pov" time="0.070" /><testcase classname="CustomerRole.test_customer_role" name="test_customer_cannot_see_team_for_non_assigned_pov" time="0.027" /><testcase classname="CustomerRole.test_customer_role" name="test_customer_cannot_list_accounts_403" time="0.021" /><testcase classname="CustomerRole.test_customer_role" name="test_customer_cannot_list_all_user_groups_403" time="0.021" /><testcase classname="CustomerRole.test_customer_role" name="test_customer_cannot_list_user_groups_403" time="0.019" /><testcase classname="CustomerRole.test_customer_role" name="test_customer_can_retrieve_pov_success_criteria_invited" time="0.034" /><testcase classname="CustomerRole.test_customer_role" name="test_customer_cannot_retrieve_pov_success_criteria_for_non_assinged_pov" time="0.017" /><testcase classname="CustomerRole.test_customer_role" name="test_customer_can_retrieve_pov_success_criteria_notc_invited" time="0.063" /><testcase classname="CustomerRole.test_customer_role" name="test_customer_cannot_retrieve_pov_success_criteria_notc_for_non_assinged_pov" time="0.026" /><testcase classname="CustomerRole.test_customer_role" name="test_customer_cannot_retrieve_pov_pov_progress_for_assigned_pov" time="0.037" /><testcase classname="CustomerRole.test_customer_role" name="test_customer_cannot_retrieve_pov_pov_progress_for_non_assigned_pov" time="0.029" /><testcase classname="CustomerRole.test_customer_role" name="test_customer_can_retrieve_pov_connectors_for_assigned_pov" time="0.039" /><testcase classname="CustomerRole.test_customer_role" name="test_customer_cannot_retrieve_pov_connectors_for_non_assigned_pov" time="0.028" /><testcase classname="CustomerRole.test_customer_role" name="test_customer_can_retrieve_pov_assigned_testcases_for_assigned_pov" time="0.051" /><testcase classname="CustomerRole.test_customer_role" name="test_customer_cannot_retrieve_pov_assigned_testcases_for_non_assigned_pov" time="0.027" /><testcase classname="CustomerRole.test_customer_role" name="test_customer_cannot_create_challenge" time="0.025" /><testcase classname="CustomerRole.test_customer_role" name="test_customer_cannot_create_pov" time="0.018" /><testcase classname="EmployeeRole.test_employee_role" name="test_customer_cannot_list_challenges" time="0.769" /><testcase classname="EmployeeRole.test_employee_role" name="test_employee_can_list_challenges" time="0.029" /><testcase classname="EmployeeRole.test_employee_role" name="test_admin_can_list_challenges" time="0.023" /><testcase classname="EmployeeRole.test_employee_role" name="test_customer_cannot_create_challenge" time="0.020" /><testcase classname="EmployeeRole.test_employee_role" name="test_employee_can_create_challenge" time="0.031" /><testcase classname="EmployeeRole.test_employee_role" name="test_admin_can_create_challenge" time="0.030" /><testcase classname="EmployeeRole.test_employee_role" name="test_customer_cannot_retrieve_challenge" time="0.030" /><testcase classname="EmployeeRole.test_employee_role" name="test_employee_can_retrieve_challenge" time="0.028" /><testcase classname="EmployeeRole.test_employee_role" name="test_admin_can_retrieve_challenge" time="0.024" /><testcase classname="EmployeeRole.test_employee_role" name="test_customer_cannot_update_challenge" time="0.018" /><testcase classname="EmployeeRole.test_employee_role" name="test_employee_can_update_challenge" time="0.062" /><testcase classname="EmployeeRole.test_employee_role" name="test_employee_cannot_update_not_owned_challenge" time="0.046" /><testcase classname="EmployeeRole.test_employee_role" name="test_admin_can_update_challenge" time="0.040" /><testcase classname="EmployeeRole.test_employee_role" name="test_customer_cannot_list_required_capabilities" time="0.036" /><testcase classname="EmployeeRole.test_employee_role" name="test_employee_can_list_required_capabilities" time="0.028" /><testcase classname="EmployeeRole.test_employee_role" name="test_admin_can_list_required_capabilities" time="0.031" /><testcase classname="EmployeeRole.test_employee_role" name="test_customer_cannot_create_rc" time="0.018" /><testcase classname="EmployeeRole.test_employee_role" name="test_employee_can_create_rc" time="0.033" /><testcase classname="EmployeeRole.test_employee_role" name="test_admin_can_create_rc" time="0.028" /><testcase classname="EmployeeRole.test_employee_role" name="test_employee_cannot_create_pov_name_exists" time="0.031" /><testcase classname="EmployeeRole.test_employee_role" name="test_admin_can_create_pov" time="0.086" /><testcase classname="EmployeeRole.test_employee_role" name="test_employee_cannot_delete_admin_pov" time="0.021" /><testcase classname="EmployeeRole.test_employee_role" name="test_employee_cannot_see_admin_nonshared_pov" time="0.024" /><testcase classname="EmployeeRole.test_employee_role" name="test_employee_cannot_update_admin_nonshared_pov" time="0.023" /><testcase classname="EmployeeRole.test_employee_role" name="test_employee_can_create_pov" time="0.060" /><testcase classname="EmployeeRole.test_employee_role" name="test_employee_can_update_pov" time="0.048" /><testcase classname="EmployeeRole.test_employee_role" name="test_customer_cannot_update_pov_owner" time="0.018" /><testcase classname="EmployeeRole.test_employee_role" name="test_customer_cannot_delete_challenge" time="0.018" /><testcase classname="EmployeeRole.test_employee_role" name="test_employee_can_delete_challenge" time="0.050" /><testcase classname="EmployeeRole.test_employee_role" name="test_employee_cannot_delete_challenge_owned_by_someone_else" time="0.023" /><testcase classname="EmployeeRole.test_employee_role" name="test_admin_can_delete_challenge" time="0.035" /><testcase classname="EmployeeRole.test_employee_role" name="test_customer_cannot_create_content" time="0.019" /><testcase classname="EmployeeRole.test_employee_role" name="test_employee_can_create_content" time="0.027" /><testcase classname="EmployeeRole.test_employee_role" name="test_admin_can_create_content" time="0.023" /><testcase classname="EmployeeRole.test_employee_role" name="test_customer_cannot_list_content" time="0.018" /><testcase classname="EmployeeRole.test_employee_role" name="test_employee_can_list_content_match_employee_owned_content" time="0.027" /><testcase classname="EmployeeRole.test_employee_role" name="test_admin_can_list_content_match_admin_owned_content" time="0.024" /><testcase classname="EmployeeRole.test_employee_role" name="test_customer_cannot_retrieve_content" time="0.025" /><testcase classname="EmployeeRole.test_employee_role" name="test_employee_can_retrieve_owned_item" time="0.025" /><testcase classname="EmployeeRole.test_employee_role" name="test_employee_cannot_retrieve_other_employee_owned_item" time="0.020" /><testcase classname="EmployeeRole.test_employee_role" name="test_admin_can_retrieve_owned_item" time="0.024" /><testcase classname="EmployeeRole.test_employee_role" name="test_customer_cannot_update_content" time="0.017" /><testcase classname="EmployeeRole.test_employee_role" name="test_employee_can_update_owned_item" time="0.026" /><testcase classname="EmployeeRole.test_employee_role" name="test_employee_cannot_update_other_employee_owned_item" time="0.022" /><testcase classname="EmployeeRole.test_employee_role" name="test_admin_can_update_owned_item" time="0.026" /><testcase classname="EmployeeRole.test_employee_role" name="test_customer_cannot_list_pending_content" time="0.019" /><testcase classname="EmployeeRole.test_employee_role" name="test_employee_cannot_list_pending_content" time="0.017" /><testcase classname="EmployeeRole.test_employee_role" name="test_admin_can_list_pending_content" time="0.026" /><testcase classname="EmployeeRole.test_employee_role" name="test_customer_cannot_approve_pending_content" time="0.023" /><testcase classname="EmployeeRole.test_employee_role" name="test_employee_cannot_approve_pending_content" time="0.018" /><testcase classname="EmployeeRole.test_employee_role" name="test_admin_can_approve_pending_content" time="0.025" /><testcase classname="EmployeeRole.test_employee_role" name="test_customer_cannot_list_library_content" time="0.018" /><testcase classname="EmployeeRole.test_employee_role" name="test_employee_cannot_list_library_content" time="0.022" /><testcase classname="EmployeeRole.test_employee_role" name="test_admin_can_list_library_content" time="0.023" /><testcase classname="EmployeeRole.test_employee_role" name="test_employee_can_add_content_to_pov" time="0.035" /><testcase classname="EmployeeRole.test_employee_role" name="test_employee_cannot_add_content_to_admin_pov" time="0.026" /><testcase classname="EmployeeRole.test_employee_role" name="test_employee_cannot_add_content_to_admin_pov_test" time="0.026" /><testcase classname="EmployeeRole.test_employee_role" name="test_admin_can_add_content_to_admin_pov" time="0.031" /><testcase classname="EmployeeRole.test_employee_role" name="test_customer_cannot_delete_content" time="0.020" /><testcase classname="EmployeeRole.test_employee_role" name="test_employee_can_delete_owned_item" time="0.026" /><testcase classname="EmployeeRole.test_employee_role" name="test_employee_cannot_delete_other_employee_owned_item" time="0.022" /><testcase classname="EmployeeRole.test_employee_role" name="test_admin_can_delete_owned_item" time="0.023" /><testcase classname="EmployeeRole.test_employee_role" name="test_employee_cannot_delete_shared_item" time="0.023" /><testcase classname="EmployeeRole.test_employee_role" name="test_admin_can_delete_shared_item" time="0.021" /><testcase classname="EmployeeRole.test_employee_role" name="test_customer_cannot_create_pov_content" time="0.024" /><testcase classname="EmployeeRole.test_employee_role" name="test_employee_can_create_pov_content" time="0.028" /><testcase classname="EmployeeRole.test_employee_role" name="test_admin_can_create_pov_content" time="0.024" /><testcase classname="EmployeeRole.test_employee_role" name="test_employee_can_delete_pov" time="0.064" /><testcase classname="EmployeeRole.test_employee_role" name="test_admin_can_delete_pov" time="0.049" /></testsuite></testsuites>
