mode: set
cinemas-microservices/movie-service/src/api/index.go:10.36,12.2 1 0
cinemas-microservices/movie-service/src/api/movies.go:17.49,22.16 3 0
cinemas-microservices/movie-service/src/api/movies.go:26.2,31.35 2 0
cinemas-microservices/movie-service/src/api/movies.go:22.16,24.3 1 0
cinemas-microservices/movie-service/src/api/movies.go:35.53,54.16 4 0
cinemas-microservices/movie-service/src/api/movies.go:58.2,63.35 2 0
cinemas-microservices/movie-service/src/api/movies.go:54.16,56.3 1 0
cinemas-microservices/movie-service/src/api/movies.go:67.49,76.16 5 0
cinemas-microservices/movie-service/src/api/movies.go:80.2,85.35 2 0
cinemas-microservices/movie-service/src/api/movies.go:76.16,78.3 1 0
cinemas-microservices/movie-service/src/api/movies.go:103.52,104.15 1 0
cinemas-microservices/movie-service/src/api/movies.go:107.2,110.17 3 0
cinemas-microservices/movie-service/src/api/movies.go:104.15,106.3 1 0
cinemas-microservices/movie-service/src/api/movies.go:113.38,117.2 2 0
cinemas-microservices/movie-service/src/db/mgo.go:23.13,31.10 7 1
cinemas-microservices/movie-service/src/db/mgo.go:34.2,34.10 1 1
cinemas-microservices/movie-service/src/db/mgo.go:37.2,37.10 1 1
cinemas-microservices/movie-service/src/db/mgo.go:40.2,40.10 1 1
cinemas-microservices/movie-service/src/db/mgo.go:43.2,43.10 1 1
cinemas-microservices/movie-service/src/db/mgo.go:47.2,52.38 6 1
cinemas-microservices/movie-service/src/db/mgo.go:31.10,33.3 1 0
cinemas-microservices/movie-service/src/db/mgo.go:34.10,36.3 1 0
cinemas-microservices/movie-service/src/db/mgo.go:37.10,39.3 1 0
cinemas-microservices/movie-service/src/db/mgo.go:40.10,42.3 1 0
cinemas-microservices/movie-service/src/db/mgo.go:43.10,45.3 1 0
cinemas-microservices/movie-service/src/db/mgo.go:63.39,73.2 3 1
cinemas-microservices/movie-service/integration_test/integration.go:28.41,46.2 10 0
cinemas-microservices/movie-service/integration_test/integration.go:49.42,63.2 7 0
cinemas-microservices/movie-service/integration_test/integration.go:66.39,77.48 8 0
cinemas-microservices/movie-service/integration_test/integration.go:77.48,80.3 2 0
cinemas-microservices/movie-service/integration_test/integration.go:84.44,86.2 1 0
